<?xml version="1.0" encoding="utf-8"?><testsuites>
  <testsuite name="Update Config Test Suite" package="e2e/update_config_testsuite.venom.yml" tests="13">
    <testcase classname="update_config_testsuite.venom.yml" name="Update-API-address-successful" time="0.0016361">
      <system-out><![CDATA[
]]></system-out>
      <system-err><![CDATA[
]]></system-err>
    </testcase>
    <testcase classname="update_config_testsuite.venom.yml" name="Update-API-address-unsuccessful" time="0.002322954">
      <system-out><![CDATA[
]]></system-out>
      <system-err><![CDATA[
]]></system-err>
    </testcase>
    <testcase classname="update_config_testsuite.venom.yml" name="Update-API-port-successful" time="0.001923844">
      <system-out><![CDATA[
]]></system-out>
      <system-err><![CDATA[
]]></system-err>
    </testcase>
    <testcase classname="update_config_testsuite.venom.yml" name="Update-API-port-unsuccessful" time="0.002105606">
      <system-out><![CDATA[
]]></system-out>
      <system-err><![CDATA[
]]></system-err>
    </testcase>
    <testcase classname="update_config_testsuite.venom.yml" name="Update-HNSW-efConstruction-successful" time="0.003132284">
      <system-out><![CDATA[
]]></system-out>
      <system-err><![CDATA[
]]></system-err>
    </testcase>
    <testcase classname="update_config_testsuite.venom.yml" name="Update-HNSW-efConstruction-unsuccessful" time="0.002512335">
      <system-out><![CDATA[
]]></system-out>
      <system-err><![CDATA[
]]></system-err>
    </testcase>
    <testcase classname="update_config_testsuite.venom.yml" name="Update-HNSW-m-successful" time="0.047385785">
      <system-out><![CDATA[
]]></system-out>
      <system-err><![CDATA[
]]></system-err>
    </testcase>
    <testcase classname="update_config_testsuite.venom.yml" name="Update-HNSW-m-unsuccessful" time="0.005492411">
      <system-out><![CDATA[
]]></system-out>
      <system-err><![CDATA[
]]></system-err>
    </testcase>
    <testcase classname="update_config_testsuite.venom.yml" name="Update-HNSW-Similarity-Metric-successful" time="0.003722698">
      <system-out><![CDATA[
]]></system-out>
      <system-err><![CDATA[
]]></system-err>
    </testcase>
    <testcase classname="update_config_testsuite.venom.yml" name="Update-HNSW-Similarity-Metric-unsuccessful" time="0.005712947">
      <system-out><![CDATA[
]]></system-out>
      <system-err><![CDATA[
]]></system-err>
    </testcase>
    <testcase classname="update_config_testsuite.venom.yml" name="Update-HNSW-Similarity-Metric-invalid" time="0.004368746">
      <system-out><![CDATA[
]]></system-out>
      <system-err><![CDATA[
]]></system-err>
    </testcase>
    <testcase classname="update_config_testsuite.venom.yml" name="Update-HNSW-Space-Size-successful" time="0.004574923">
      <system-out><![CDATA[
]]></system-out>
      <system-err><![CDATA[
]]></system-err>
    </testcase>
    <testcase classname="update_config_testsuite.venom.yml" name="Update-HNSW-Space-Size-unsuccessful" time="0.005860476">
      <system-out><![CDATA[
]]></system-out>
      <system-err><![CDATA[
]]></system-err>
    </testcase>
  </testsuite>
</testsuites>