<?xml version="1.0" encoding="utf-8"?><testsuites>
  <testsuite name="API Middleware Test Suite" package="e2e/middleware_testsuite.venom.yml" tests="3">
    <testcase classname="middleware_testsuite.venom.yml" name="Authenticated-request-using-valid-API-key" time="0.002165625">
      <system-out><![CDATA[
]]></system-out>
      <system-err><![CDATA[
]]></system-err>
    </testcase>
    <testcase classname="middleware_testsuite.venom.yml" name="Unauthenticated-request-using-invalid-API-key" time="0.002031526">
      <system-out><![CDATA[
]]></system-out>
      <system-err><![CDATA[
]]></system-err>
    </testcase>
    <testcase classname="middleware_testsuite.venom.yml" name="No-header" time="0.00188018">
      <system-out><![CDATA[
]]></system-out>
      <system-err><![CDATA[
]]></system-err>
    </testcase>
  </testsuite>
</testsuites>