<?xml version="1.0" encoding="utf-8"?><testsuites>
  <testsuite name="Vector Test Suite" package="e2e/vector_testsuite.venom.yml" tests="10">
    <testcase classname="vector_testsuite.venom.yml" name="Test-vector-bulk-insertion-successful" time="0.002272561">
      <system-out><![CDATA[
]]></system-out>
      <system-err><![CDATA[
]]></system-err>
    </testcase>
    <testcase classname="vector_testsuite.venom.yml" name="Test-similarity-search-successful" time="0.001841187">
      <system-out><![CDATA[
]]></system-out>
      <system-err><![CDATA[
]]></system-err>
    </testcase>
    <testcase classname="vector_testsuite.venom.yml" name="Test-similarity-search-invalid-values" time="0.002113033">
      <system-out><![CDATA[
]]></system-out>
      <system-err><![CDATA[
]]></system-err>
    </testcase>
    <testcase classname="vector_testsuite.venom.yml" name="Test-similarity-search-invalid-request-body" time="0.002904702">
      <system-out><![CDATA[
]]></system-out>
      <system-err><![CDATA[
]]></system-err>
    </testcase>
    <testcase classname="vector_testsuite.venom.yml" name="Test-vector-insertion-successful" time="0.091491705">
      <system-out><![CDATA[
]]></system-out>
      <system-err><![CDATA[
]]></system-err>
    </testcase>
    <testcase classname="vector_testsuite.venom.yml" name="Test-vector-insertion-incorrect-dimensions" time="0.00413715">
      <system-out><![CDATA[
]]></system-out>
      <system-err><![CDATA[
]]></system-err>
    </testcase>
    <testcase classname="vector_testsuite.venom.yml" name="Test-vector-insertion-ID-already-exists" time="0.004119541">
      <system-out><![CDATA[
]]></system-out>
      <system-err><![CDATA[
]]></system-err>
    </testcase>
    <testcase classname="vector_testsuite.venom.yml" name="Test-vector-insertion-invalid-request-body" time="0.003103179">
      <system-out><![CDATA[
]]></system-out>
      <system-err><![CDATA[
]]></system-err>
    </testcase>
    <testcase classname="vector_testsuite.venom.yml" name="Test-vector-bulk-insertion-incorrect-dimensions" time="0.004350583">
      <system-out><![CDATA[
]]></system-out>
      <system-err><![CDATA[
]]></system-err>
    </testcase>
    <testcase classname="vector_testsuite.venom.yml" name="Test-vector-bulk-insertion-invalid-request-body" time="0.003965815">
      <system-out><![CDATA[
]]></system-out>
      <system-err><![CDATA[
]]></system-err>
    </testcase>
  </testsuite>
</testsuites>